<?xml version="1.0" encoding="UTF-8"?>
<testng-results ignored="0" total="1" passed="1" failed="0" skipped="0">
  <reporter-output>
  </reporter-output>
  <suite started-at="2023-11-03T11:59:15 IST" name="Default suite" finished-at="2023-11-03T11:59:24 IST" duration-ms="8532">
    <groups>
    </groups>
    <test started-at="2023-11-03T11:59:15 IST" name="Default test" finished-at="2023-11-03T11:59:24 IST" duration-ms="8532">
      <class name="Jewelry.DWS_Jewelry_10_Test">
        <test-method is-config="true" signature="launchingBrowserAndNavigateToApplication()[pri:0, instance:Jewelry.DWS_Jewelry_10_Test@1caa0244]" started-at="2023-11-03T11:59:16 IST" name="launchingBrowserAndNavigateToApplication" finished-at="2023-11-03T11:59:21 IST" duration-ms="5115" status="PASS">
          <reporter-output>
          </reporter-output>
        </test-method> <!-- launchingBrowserAndNavigateToApplication -->
        <test-method is-config="true" signature="loginToApplication()[pri:0, instance:Jewelry.DWS_Jewelry_10_Test@1caa0244]" started-at="2023-11-03T11:59:21 IST" name="loginToApplication" finished-at="2023-11-03T11:59:21 IST" duration-ms="56" status="PASS">
          <reporter-output>
          </reporter-output>
        </test-method> <!-- loginToApplication -->
        <test-method signature="Verify_User_can_able_to_remove_the_product_from_wishlist()[pri:0, instance:Jewelry.DWS_Jewelry_10_Test@1caa0244]" started-at="2023-11-03T11:59:21 IST" name="Verify_User_can_able_to_remove_the_product_from_wishlist" finished-at="2023-11-03T11:59:24 IST" duration-ms="2744" status="PASS">
          <reporter-output>
          </reporter-output>
        </test-method> <!-- Verify_User_can_able_to_remove_the_product_from_wishlist -->
        <test-method is-config="true" signature="logOutFromApplication()[pri:0, instance:Jewelry.DWS_Jewelry_10_Test@1caa0244]" started-at="2023-11-03T11:59:24 IST" name="logOutFromApplication" finished-at="2023-11-03T11:59:24 IST" duration-ms="0" status="PASS">
          <reporter-output>
          </reporter-output>
        </test-method> <!-- logOutFromApplication -->
        <test-method is-config="true" signature="tearDownTheBrowser()[pri:0, instance:Jewelry.DWS_Jewelry_10_Test@1caa0244]" started-at="2023-11-03T11:59:24 IST" name="tearDownTheBrowser" finished-at="2023-11-03T11:59:24 IST" duration-ms="226" status="PASS">
          <reporter-output>
          </reporter-output>
        </test-method> <!-- tearDownTheBrowser -->
      </class> <!-- Jewelry.DWS_Jewelry_10_Test -->
    </test> <!-- Default test -->
  </suite> <!-- Default suite -->
</testng-results>
